C51 COMPILER V9.60.7.0   MAIN                                                              12/29/2025 17:52:14 PAGE 1   


C51 COMPILER V9.60.7.0, COMPILATION OF MODULE MAIN
OBJECT MODULE PLACED IN .\Objects\main.obj
COMPILER INVOKED BY: C:\Keil_v5\C51\BIN\C51.EXE main.c OPTIMIZE(8,SPEED) BROWSE DEBUG OBJECTEXTEND PRINT(.\Listings\main
                    -.lst) TABS(2) OBJECT(.\Objects\main.obj)

line level    source

   1          /* File: main.c */
   2          #include <aduc841.h>
   3          #include <string.h>
   4          #include "header.h"
   5          
   6          volatile uint8_t Snew = 0;
   7          volatile uint8_t buffer_count = 0;
   8          volatile bit buffer_flag = 0;
   9          volatile bit rx_flag = 0;
  10          volatile uint8_t rx_temp_byte = 0;
  11          
  12          // Must be xdata to fit in memory
  13          volatile uint8_t xdata S_stream_expanded[MAX_PACKETS * 4]; 
  14          
  15          // Output Buffer xdata
  16          uint8_t xdata X_stream_output[MAX_PACKETS * HAMMING_N];
  17          
  18          //uint8_t R_config_list[MAX_PACKETS];
  19          uint8_t R_config_list[] = {4,3};
  20          
  21          void main(void)
  22          {
  23   1          //uint8_t i;
  24   1      
  25   1          // --- Hardware Init ---
  26   1          GlobalINT();
  27   1          Timer3_Init();
  28   1          UART_Init();
  29   1          
  30   1          // --- Config Init ---
  31   1          /*for(i = 0; i < MAX_PACKETS; i++) 
  32   1          {
  33   1              R_config_list[i] = HAMMING_R;
  34   1          }*/
  35   1          while(1)
  36   1          {
  37   2              // --- Handle RX ---
  38   2              if (rx_flag == 1)
  39   2              {
  40   3                  rx_flag = 0; 
  41   3                  rx_handler(rx_temp_byte);
  42   3              }
  43   2      
  44   2              // --- Process Buffer ---
  45   2              if (buffer_flag)
  46   2              {
  47   3                  ES = 0; // Disable serial interrupt (Critical Section)
  48   3                  buffer_flag = 0; 
  49   3                  
  50   3                  // Process/Decode data stream
  51   3                  get_multi_X_from_S((uint8_t*)S_stream_expanded, R_config_list, buffer_count, X_stream_output);
  52   3                  
  53   3                  buffer_count = 0; // Reset counter
  54   3                  ES = 1; // Re-enable serial interrupt
C51 COMPILER V9.60.7.0   MAIN                                                              12/29/2025 17:52:14 PAGE 2   

  55   3              }
  56   2          }
  57   1      }


MODULE INFORMATION:   STATIC OVERLAYABLE
   CODE SIZE        =     63    ----
   CONSTANT SIZE    =   ----    ----
   XDATA SIZE       =    190    ----
   PDATA SIZE       =   ----    ----
   DATA SIZE        =      5    ----
   IDATA SIZE       =   ----    ----
   BIT SIZE         =      2    ----
END OF MODULE INFORMATION.


C51 COMPILATION COMPLETE.  0 WARNING(S),  0 ERROR(S)
