C51 COMPILER V9.60.7.0   PERIPHERALS                                                       12/29/2025 17:52:14 PAGE 1   


C51 COMPILER V9.60.7.0, COMPILATION OF MODULE PERIPHERALS
OBJECT MODULE PLACED IN .\Objects\peripherals.obj
COMPILER INVOKED BY: C:\Keil_v5\C51\BIN\C51.EXE peripherals.c OPTIMIZE(8,SPEED) BROWSE DEBUG OBJECTEXTEND PRINT(.\Listin
                    -gs\peripherals.lst) TABS(2) OBJECT(.\Objects\peripherals.obj)

line level    source

   1          /* File: peripherals.c */
   2          #include <aduc841.h>
   3          #include "header.h"
   4          void Timer3_Init(void) // Configure Timer 3 for 9600 Baud rate
   5          {
   6   1          T3CON &= 0xFE; 
   7   1          T3CON |= 0x86; 
   8   1          T3FD = 0x08;   
   9   1      }
  10          
  11          void UART_Init(void) // Uart 
  12          {
  13   1          SM0 = 0;
  14   1          SM1 = 1;
  15   1          REN = 1;
  16   1          RI = 0; 
  17   1          TI = 0;
  18   1          ES = 1;
  19   1      }
  20          
  21          void GlobalINT(void) // Global Interrupt enable
  22          {    
  23   1          EA = 1;  
  24   1      }
  25          
  26          void UART_ISR(void) interrupt 4 // ISR
  27          {
  28   1        if (RI)
  29   1          {
  30   2              RI = 0;
  31   2              rx_temp_byte = SBUF;
  32   2              rx_flag = 1;
  33   2          }
  34   1        if (TI) TI = 0;
  35   1      }


MODULE INFORMATION:   STATIC OVERLAYABLE
   CODE SIZE        =     42    ----
   CONSTANT SIZE    =   ----    ----
   XDATA SIZE       =   ----    ----
   PDATA SIZE       =   ----    ----
   DATA SIZE        =   ----    ----
   IDATA SIZE       =   ----    ----
   BIT SIZE         =   ----    ----
END OF MODULE INFORMATION.


C51 COMPILATION COMPLETE.  0 WARNING(S),  0 ERROR(S)
