C51 COMPILER V9.60.7.0   MAIN                                                              12/30/2025 12:35:43 PAGE 1   


C51 COMPILER V9.60.7.0, COMPILATION OF MODULE MAIN
OBJECT MODULE PLACED IN .\Objects\main.obj
COMPILER INVOKED BY: C:\Keil_v5\C51\BIN\C51.EXE main.c OPTIMIZE(8,SPEED) BROWSE DEBUG OBJECTEXTEND PRINT(.\Listings\main
                    -.lst) TABS(2) OBJECT(.\Objects\main.obj)

line level    source

   1          /* File: main.c */
   2          #include <aduc841.h>
   3          #include <string.h>
   4          #include "header.h"
   5          
   6          volatile uint8_t Snew = 0;
   7          volatile uint8_t buffer_count = 0;
   8          volatile bit buffer_flag = 0;
   9          volatile bit tx_flag = 0;
  10          volatile uint8_t tx_temp_byte = 0;
  11          
  12          // Must be xdata to fit in memory
  13          volatile uint8_t xdata S_stream_expanded[MAX_PACKETS * 4]; 
  14          
  15          // Output Buffer xdata
  16          uint8_t xdata X_stream_output[MAX_PACKETS * HAMMING_N];
  17          
  18          //uint8_t R_config_list[MAX_PACKETS];
  19          uint8_t R_config_list[] = {4,3};
  20          
  21          void main(void)
  22          {
  23   1      
  24   1          // --- Hardware Init ---
  25   1          GlobalINT();
  26   1          Timer3_Init();
  27   1          UART_Init();
  28   1          Port_Init();
  29   1      
  30   1       
  31   1          while(1)
  32   1          {
  33   2              // --- Handle TX ---
  34   2              if (tx_flag == 1)
  35   2              {
  36   3                  tx_flag = 0; 
  37   3                  tx_handler(tx_temp_byte);
  38   3              }
  39   2      
  40   2              // --- Process Buffer ---
  41   2              if (buffer_flag)
  42   2              {
  43   3                  ES = 0; // Disable serial interrupt (Critical Section)
  44   3                  buffer_flag = 0; 
  45   3                  
  46   3                  // Process/Decode data stream
  47   3                  get_multi_X_from_S((uint8_t*)S_stream_expanded, R_config_list, buffer_count, X_stream_output);
  48   3                  transmit_X_to_bus(X_stream_output); // Send output to bus
  49   3                  buffer_count = 0; // Reset counter
  50   3                  ES = 1; // Re-enable serial interrupt
  51   3              }
  52   2          }
  53   1      }

C51 COMPILER V9.60.7.0   MAIN                                                              12/30/2025 12:35:43 PAGE 2   


MODULE INFORMATION:   STATIC OVERLAYABLE
   CODE SIZE        =     75    ----
   CONSTANT SIZE    =   ----    ----
   XDATA SIZE       =    190    ----
   PDATA SIZE       =   ----    ----
   DATA SIZE        =      5    ----
   IDATA SIZE       =   ----    ----
   BIT SIZE         =      2    ----
END OF MODULE INFORMATION.


C51 COMPILATION COMPLETE.  0 WARNING(S),  0 ERROR(S)
