C51 COMPILER V9.60.7.0   MAIN                                                              12/22/2025 13:52:50 PAGE 1   


C51 COMPILER V9.60.7.0, COMPILATION OF MODULE MAIN
OBJECT MODULE PLACED IN .\Objects\main.obj
COMPILER INVOKED BY: C:\Keil_v5\C51\BIN\C51.EXE main.c OPTIMIZE(8,SPEED) BROWSE DEBUG OBJECTEXTEND PRINT(.\Listings\main
                    -.lst) TABS(2) OBJECT(.\Objects\main.obj)

line level    source

   1          /* File: main.c 
   2          
   3          Final project Stage 1 Input + Transmitter - "Decoder" implemition
   4          
   5          DESCRIPTION: ASCII input via UART then converting characters into bit streams
   6          send to x from s (multi) functiom stored in extended memory waiting to send to bus (pin 1?)
   7          */
   8          
   9          #include <aduc841.h>
  10          #include <string.h>
  11          #include "header.h"
  12          
  13          volatile uint8_t Snew = 0;
  14          volatile uint8_t buffer_count = 0;
  15          volatile bit buffer_flag = 0;
  16          
  17          // Must be xdata to fit in memory , volatile make the compiler cheack if there changes
  18          volatile uint8_t xdata S_stream_expanded[MAX_PACKETS * HAMMING_R]; 
  19          
  20          // Output Buffer xdata - 15 * buffer size byte
  21          uint8_t xdata X_stream_output[MAX_PACKETS * HAMMING_N];
  22          
  23          uint8_t R_config_list[MAX_PACKETS];
  24          
  25          void main(void)
  26          {
  27   1          uint8_t i;
  28   1          
  29   1          GlobalINT();
  30   1          Timer3_Init();
  31   1          UART_Init();
  32   1          
  33   1          for(i = 0; i < MAX_PACKETS; i++) 
  34   1          {
  35   2              R_config_list[i] = HAMMING_R;
  36   2          }
  37   1      
  38   1          while(1)
  39   1          {
  40   2              if (buffer_flag)
  41   2              {
  42   3                  ES = 0; 
  43   3                  buffer_flag = 0; 
  44   3                  
  45   3                  get_multi_X_from_S((uint8_t*)S_stream_expanded, R_config_list, buffer_count, X_stream_output);
  46   3                            
  47   3                  buffer_count = 0;// Reset buffer
  48   3                  ES = 1; // Re-enable Interrupts
  49   3              }
  50   2          }
  51   1      }


MODULE INFORMATION:   STATIC OVERLAYABLE
C51 COMPILER V9.60.7.0   MAIN                                                              12/22/2025 13:52:50 PAGE 2   

   CODE SIZE        =     65    ----
   CONSTANT SIZE    =   ----    ----
   XDATA SIZE       =    190    ----
   PDATA SIZE       =   ----    ----
   DATA SIZE        =     12    ----
   IDATA SIZE       =   ----    ----
   BIT SIZE         =      1    ----
END OF MODULE INFORMATION.


C51 COMPILATION COMPLETE.  0 WARNING(S),  0 ERROR(S)
